[2025-11-25 16:32:42] Нет пользователей с истекшим сроком.
[2025-11-26 03:00:01] Нет пользователей с истекшим сроком.
[2025-11-27 03:00:01] Нет пользователей с истекшим сроком.
[2025-11-28 03:00:01] Нет пользователей с истекшим сроком.
[2025-11-29 03:00:01] Нет пользователей с истекшим сроком.
[2025-11-30 03:00:01] Нет пользователей с истекшим сроком.
[2025-12-01 03:00:01] Нет пользователей с истекшим сроком.
[2025-12-02 03:00:02] Нет пользователей с истекшим сроком.
[2025-12-03 03:00:01] Нет пользователей с истекшим сроком.
[2025-12-04 03:00:02] Нет пользователей с истекшим сроком.
[2025-12-05 03:00:01] Нет пользователей с истекшим сроком.
[2025-12-06 03:00:01] Нет пользователей с истекшим сроком.
[2025-12-25 03:00:01] Найдено 5 просроченных пользователей. Начинаю удаление...
[2025-12-25 03:00:01] Внимание: Пользователи найдены в БД, но не найдены в Config.json. Удаляю только из БД.
[2025-12-25 03:00:01] Пользователь 91431515 (beta_user_20251117_153955) удален.
[2025-12-25 03:00:01] Пользователь 100843835 (beta_user_20251118_180901) удален.
[2025-12-25 03:00:01] Пользователь 207123515 (beta_user_20251114_091656) удален.
[2025-12-25 03:00:01] Пользователь 261496699 (beta_user_20251121_074326) удален.
[2025-12-25 03:00:01] Пользователь 6571284584 (beta_user_20251113_235740) удален.
[2025-12-25 03:00:01] Чистка завершена.
[2025-12-26 03:00:01] Нет пользователей с истекшим сроком.
[2025-12-27 03:00:01] Нет пользователей с истекшим сроком.
[2025-12-28 03:00:01] Найдено 1 просроченных пользователей. Начинаю удаление...
[2025-12-28 03:00:01] Внимание: Пользователи найдены в БД, но не найдены в Config.json. Удаляю только из БД.
[2025-12-28 03:00:01] Пользователь 996337710 (beta_user_20251127_214413) удален.
[2025-12-28 03:00:01] Чистка завершена.
[2025-12-29 03:00:01] Нет пользователей с истекшим сроком.
[2025-12-30 03:00:01] Нет пользователей с истекшим сроком.
[2025-12-31 03:00:01] Найдено 1 просроченных пользователей. Начинаю удаление...
[2025-12-31 03:00:01] Внимание: Пользователи найдены в БД, но не найдены в Config.json. Удаляю только из БД.
[2025-12-31 03:00:01] Пользователь 6458162008 (beta_user_20251130_050529) удален.
[2025-12-31 03:00:01] Чистка завершена.
[2026-01-01 03:00:01] Найдено 1 просроченных пользователей. Начинаю удаление...
[2026-01-01 03:00:01] Внимание: Пользователи найдены в БД, но не найдены в Config.json. Удаляю только из БД.
[2026-01-01 03:00:01] Пользователь 1054206166 (beta_user_20251201_165923) удален.
[2026-01-01 03:00:01] Чистка завершена.
[2026-01-02 03:00:01] Нет пользователей с истекшим сроком.
[2026-01-03 03:00:01] Найдено 1 просроченных пользователей. Начинаю удаление...
[2026-01-03 03:00:01] Внимание: Пользователи найдены в БД, но не найдены в Config.json. Удаляю только из БД.
[2026-01-03 03:00:01] Пользователь 22738372 (beta_user_20251203_070537) удален.
[2026-01-03 03:00:01] Чистка завершена.
[2026-01-04 03:00:01] Нет пользователей с истекшим сроком.
[2026-01-05 03:00:01] Нет пользователей с истекшим сроком.
